<?xml version="1.0" encoding="UTF-8"?>
<!-- Generated by org.testng.reporters.JUnitReportReporter -->
<testsuite hostname="NazZel" name="mycode.LoginTest" tests="3" failures="0" timestamp="5 Jul 2016 09:05:37 GMT" time="37.859" errors="0">
  <testcase name="wrongCredentialsTest_2" time="7.778" classname="mycode.LoginTest"/>
  <testcase name="loginAndLogoutTest_3" time="14.667" classname="mycode.LoginTest"/>
  <testcase name="LoadLoginTest_1" time="15.414" classname="mycode.LoginTest"/>
</testsuite> <!-- mycode.LoginTest -->
